This is pdfTeX, Version 3.141592653-2.6-1.40.26 (TeX Live 2024) (preloaded format=pdflatex 2024.3.17)  3 JUL 2024 21:25
entering extended mode
 restricted \write18 enabled.
 file:line:error style messages enabled.
 %&-line parsing enabled.
**"/Users/alessiaintini/Documents/università/machine learning/project/Report_ML/main"
(/Users/alessiaintini/Documents/università/machine learning/project/Report_ML/main.tex
LaTeX2e <2023-11-01> patch level 1
L3 programming layer <2024-02-20>
(/usr/local/texlive/2024/texmf-dist/tex/latex/base/article.cls
Document Class: article 2023/05/17 v1.4n Standard LaTeX document class
(/usr/local/texlive/2024/texmf-dist/tex/latex/base/size10.clo
File: size10.clo 2023/05/17 v1.4n Standard LaTeX file (size option)
)
\c@part=\count188
\c@section=\count189
\c@subsection=\count190
\c@subsubsection=\count191
\c@paragraph=\count192
\c@subparagraph=\count193
\c@figure=\count194
\c@table=\count195
\abovecaptionskip=\skip48
\belowcaptionskip=\skip49
\bibindent=\dimen140
) (/usr/local/texlive/2024/texmf-dist/tex/latex/amsmath/amsmath.sty
Package: amsmath 2023/05/13 v2.17o AMS math features
\@mathmargin=\skip50

For additional information on amsmath, use the `?' option.
(/usr/local/texlive/2024/texmf-dist/tex/latex/amsmath/amstext.sty
Package: amstext 2021/08/26 v2.01 AMS text
 (/usr/local/texlive/2024/texmf-dist/tex/latex/amsmath/amsgen.sty
File: amsgen.sty 1999/11/30 v2.0 generic functions
\@emptytoks=\toks17
\ex@=\dimen141
)) (/usr/local/texlive/2024/texmf-dist/tex/latex/amsmath/amsbsy.sty
Package: amsbsy 1999/11/29 v1.2d Bold Symbols
\pmbraise@=\dimen142
) (/usr/local/texlive/2024/texmf-dist/tex/latex/amsmath/amsopn.sty
Package: amsopn 2022/04/08 v2.04 operator names
)
\inf@bad=\count196
LaTeX Info: Redefining \frac on input line 234.
\uproot@=\count197
\leftroot@=\count198
LaTeX Info: Redefining \overline on input line 399.
LaTeX Info: Redefining \colon on input line 410.
\classnum@=\count199
\DOTSCASE@=\count266
LaTeX Info: Redefining \ldots on input line 496.
LaTeX Info: Redefining \dots on input line 499.
LaTeX Info: Redefining \cdots on input line 620.
\Mathstrutbox@=\box51
\strutbox@=\box52
LaTeX Info: Redefining \big on input line 722.
LaTeX Info: Redefining \Big on input line 723.
LaTeX Info: Redefining \bigg on input line 724.
LaTeX Info: Redefining \Bigg on input line 725.
\big@size=\dimen143
LaTeX Font Info:    Redeclaring font encoding OML on input line 743.
LaTeX Font Info:    Redeclaring font encoding OMS on input line 744.
\macc@depth=\count267
LaTeX Info: Redefining \bmod on input line 905.
LaTeX Info: Redefining \pmod on input line 910.
LaTeX Info: Redefining \smash on input line 940.
LaTeX Info: Redefining \relbar on input line 970.
LaTeX Info: Redefining \Relbar on input line 971.
\c@MaxMatrixCols=\count268
\dotsspace@=\muskip16
\c@parentequation=\count269
\dspbrk@lvl=\count270
\tag@help=\toks18
\row@=\count271
\column@=\count272
\maxfields@=\count273
\andhelp@=\toks19
\eqnshift@=\dimen144
\alignsep@=\dimen145
\tagshift@=\dimen146
\tagwidth@=\dimen147
\totwidth@=\dimen148
\lineht@=\dimen149
\@envbody=\toks20
\multlinegap=\skip51
\multlinetaggap=\skip52
\mathdisplay@stack=\toks21
LaTeX Info: Redefining \[ on input line 2953.
LaTeX Info: Redefining \] on input line 2954.
) (/usr/local/texlive/2024/texmf-dist/tex/latex/amscls/amsthm.sty
Package: amsthm 2020/05/29 v2.20.6
\thm@style=\toks22
\thm@bodyfont=\toks23
\thm@headfont=\toks24
\thm@notefont=\toks25
\thm@headpunct=\toks26
\thm@preskip=\skip53
\thm@postskip=\skip54
\thm@headsep=\skip55
\dth@everypar=\toks27
) (/usr/local/texlive/2024/texmf-dist/tex/latex/amsfonts/amssymb.sty
Package: amssymb 2013/01/14 v3.01 AMS font symbols
 (/usr/local/texlive/2024/texmf-dist/tex/latex/amsfonts/amsfonts.sty
Package: amsfonts 2013/01/14 v3.01 Basic AMSFonts support
\symAMSa=\mathgroup4
\symAMSb=\mathgroup5
LaTeX Font Info:    Redeclaring math symbol \hbar on input line 98.
LaTeX Font Info:    Overwriting math alphabet `\mathfrak' in version `bold'
(Font)                  U/euf/m/n --> U/euf/b/n on input line 106.
)) (/usr/local/texlive/2024/texmf-dist/tex/latex/thmtools/thmtools.sty
Package: thmtools 2023/05/04 v0.76
\thmt@toks=\toks28
\c@thmt@dummyctr=\count274
 (/usr/local/texlive/2024/texmf-dist/tex/latex/thmtools/thm-patch.sty
Package: thm-patch 2023/05/04 v0.76
 (/usr/local/texlive/2024/texmf-dist/tex/latex/thmtools/parseargs.sty
Package: parseargs 2023/05/04 v0.76
\@parsespec=\toks29
)) (/usr/local/texlive/2024/texmf-dist/tex/latex/thmtools/thm-kv.sty
Package: thm-kv 2023/05/04 v0.76
Package thm-kv Info: Theorem names will be uppercased on input line 42.
 (/usr/local/texlive/2024/texmf-dist/tex/latex/graphics/keyval.sty
Package: keyval 2022/05/29 v1.15 key=value parser (DPC)
\KV@toks@=\toks30
) (/usr/local/texlive/2024/texmf-dist/tex/latex/kvsetkeys/kvsetkeys.sty
Package: kvsetkeys 2022-10-05 v1.19 Key value parser (HO)
)
Package thm-kv Info: kvsetkeys patch (v1.16 or later) on input line 158.
) (/usr/local/texlive/2024/texmf-dist/tex/latex/thmtools/thm-autoref.sty
Package: thm-autoref 2023/05/04 v0.76
 (/usr/local/texlive/2024/texmf-dist/tex/latex/thmtools/aliasctr.sty
Package: aliasctr 2023/05/04 v0.76
)) (/usr/local/texlive/2024/texmf-dist/tex/latex/thmtools/thm-listof.sty
Package: thm-listof 2023/05/04 v0.76
) (/usr/local/texlive/2024/texmf-dist/tex/latex/thmtools/thm-restate.sty
Package: thm-restate 2023/05/04 v0.76
) (/usr/local/texlive/2024/texmf-dist/tex/latex/thmtools/thm-amsthm.sty
Package: thm-amsthm 2023/05/04 v0.76
\thmt@style@headstyle=\toks31
)) (/usr/local/texlive/2024/texmf-dist/tex/latex/graphics/graphicx.sty
Package: graphicx 2021/09/16 v1.2d Enhanced LaTeX Graphics (DPC,SPQR)
 (/usr/local/texlive/2024/texmf-dist/tex/latex/graphics/graphics.sty
Package: graphics 2022/03/10 v1.4e Standard LaTeX Graphics (DPC,SPQR)
 (/usr/local/texlive/2024/texmf-dist/tex/latex/graphics/trig.sty
Package: trig 2021/08/11 v1.11 sin cos tan (DPC)
) (/usr/local/texlive/2024/texmf-dist/tex/latex/graphics-cfg/graphics.cfg
File: graphics.cfg 2016/06/04 v1.11 sample graphics configuration
)
Package graphics Info: Driver file: pdftex.def on input line 107.
 (/usr/local/texlive/2024/texmf-dist/tex/latex/graphics-def/pdftex.def
File: pdftex.def 2022/09/22 v1.2b Graphics/color driver for pdftex
))
\Gin@req@height=\dimen150
\Gin@req@width=\dimen151
) (/usr/local/texlive/2024/texmf-dist/tex/latex/setspace/setspace.sty
Package: setspace 2022/12/04 v6.7b set line spacing
) (/usr/local/texlive/2024/texmf-dist/tex/latex/geometry/geometry.sty
Package: geometry 2020/01/02 v5.9 Page Geometry
 (/usr/local/texlive/2024/texmf-dist/tex/generic/iftex/ifvtex.sty
Package: ifvtex 2019/10/25 v1.7 ifvtex legacy package. Use iftex instead.
 (/usr/local/texlive/2024/texmf-dist/tex/generic/iftex/iftex.sty
Package: iftex 2022/02/03 v1.0f TeX engine tests
))
\Gm@cnth=\count275
\Gm@cntv=\count276
\c@Gm@tempcnt=\count277
\Gm@bindingoffset=\dimen152
\Gm@wd@mp=\dimen153
\Gm@odd@mp=\dimen154
\Gm@even@mp=\dimen155
\Gm@layoutwidth=\dimen156
\Gm@layoutheight=\dimen157
\Gm@layouthoffset=\dimen158
\Gm@layoutvoffset=\dimen159
\Gm@dimlist=\toks32
) (/usr/local/texlive/2024/texmf-dist/tex/latex/float/float.sty
Package: float 2001/11/08 v1.3d Float enhancements (AL)
\c@float@type=\count278
\float@exts=\toks33
\float@box=\box53
\@float@everytoks=\toks34
\@floatcapt=\box54
) (/usr/local/texlive/2024/texmf-dist/tex/latex/hyperref/hyperref.sty
Package: hyperref 2024-01-20 v7.01h Hypertext links for LaTeX
 (/usr/local/texlive/2024/texmf-dist/tex/generic/kvdefinekeys/kvdefinekeys.sty
Package: kvdefinekeys 2019-12-19 v1.6 Define keys (HO)
) (/usr/local/texlive/2024/texmf-dist/tex/generic/pdfescape/pdfescape.sty
Package: pdfescape 2019/12/09 v1.15 Implements pdfTeX's escape features (HO)
 (/usr/local/texlive/2024/texmf-dist/tex/generic/ltxcmds/ltxcmds.sty
Package: ltxcmds 2023-12-04 v1.26 LaTeX kernel commands for general use (HO)
) (/usr/local/texlive/2024/texmf-dist/tex/generic/pdftexcmds/pdftexcmds.sty
Package: pdftexcmds 2020-06-27 v0.33 Utility functions of pdfTeX for LuaTeX (HO)
 (/usr/local/texlive/2024/texmf-dist/tex/generic/infwarerr/infwarerr.sty
Package: infwarerr 2019/12/03 v1.5 Providing info/warning/error messages (HO)
)
Package pdftexcmds Info: \pdf@primitive is available.
Package pdftexcmds Info: \pdf@ifprimitive is available.
Package pdftexcmds Info: \pdfdraftmode found.
)) (/usr/local/texlive/2024/texmf-dist/tex/latex/hycolor/hycolor.sty
Package: hycolor 2020-01-27 v1.10 Color options for hyperref/bookmark (HO)
) (/usr/local/texlive/2024/texmf-dist/tex/latex/auxhook/auxhook.sty
Package: auxhook 2019-12-17 v1.6 Hooks for auxiliary files (HO)
) (/usr/local/texlive/2024/texmf-dist/tex/latex/hyperref/nameref.sty
Package: nameref 2023-11-26 v2.56 Cross-referencing by name of section
 (/usr/local/texlive/2024/texmf-dist/tex/latex/refcount/refcount.sty
Package: refcount 2019/12/15 v3.6 Data extraction from label references (HO)
) (/usr/local/texlive/2024/texmf-dist/tex/generic/gettitlestring/gettitlestring.sty
Package: gettitlestring 2019/12/15 v1.6 Cleanup title references (HO)
 (/usr/local/texlive/2024/texmf-dist/tex/latex/kvoptions/kvoptions.sty
Package: kvoptions 2022-06-15 v3.15 Key value format for package options (HO)
))
\c@section@level=\count279
) (/usr/local/texlive/2024/texmf-dist/tex/latex/etoolbox/etoolbox.sty
Package: etoolbox 2020/10/05 v2.5k e-TeX tools for LaTeX (JAW)
\etb@tempcnta=\count280
)
\@linkdim=\dimen160
\Hy@linkcounter=\count281
\Hy@pagecounter=\count282
 (/usr/local/texlive/2024/texmf-dist/tex/latex/hyperref/pd1enc.def
File: pd1enc.def 2024-01-20 v7.01h Hyperref: PDFDocEncoding definition (HO)
Now handling font encoding PD1 ...
... no UTF-8 mapping file for font encoding PD1
) (/usr/local/texlive/2024/texmf-dist/tex/generic/intcalc/intcalc.sty
Package: intcalc 2019/12/15 v1.3 Expandable calculations with integers (HO)
)
\Hy@SavedSpaceFactor=\count283
 (/usr/local/texlive/2024/texmf-dist/tex/latex/hyperref/puenc.def
File: puenc.def 2024-01-20 v7.01h Hyperref: PDF Unicode definition (HO)
Now handling font encoding PU ...
... no UTF-8 mapping file for font encoding PU
)
Package hyperref Info: Option `colorlinks' set `true' on input line 4062.
Package hyperref Info: Hyper figures OFF on input line 4179.
Package hyperref Info: Link nesting OFF on input line 4184.
Package hyperref Info: Hyper index ON on input line 4187.
Package hyperref Info: Plain pages OFF on input line 4194.
Package hyperref Info: Backreferencing OFF on input line 4199.
Package hyperref Info: Implicit mode ON; LaTeX internals redefined.
Package hyperref Info: Bookmarks ON on input line 4446.
\c@Hy@tempcnt=\count284
 (/usr/local/texlive/2024/texmf-dist/tex/latex/url/url.sty
\Urlmuskip=\muskip17
Package: url 2013/09/16  ver 3.4  Verb mode for urls, etc.
)
LaTeX Info: Redefining \url on input line 4784.
\XeTeXLinkMargin=\dimen161
 (/usr/local/texlive/2024/texmf-dist/tex/generic/bitset/bitset.sty
Package: bitset 2019/12/09 v1.3 Handle bit-vector datatype (HO)
 (/usr/local/texlive/2024/texmf-dist/tex/generic/bigintcalc/bigintcalc.sty
Package: bigintcalc 2019/12/15 v1.5 Expandable calculations on big integers (HO)
))
\Fld@menulength=\count285
\Field@Width=\dimen162
\Fld@charsize=\dimen163
Package hyperref Info: Hyper figures OFF on input line 6063.
Package hyperref Info: Link nesting OFF on input line 6068.
Package hyperref Info: Hyper index ON on input line 6071.
Package hyperref Info: backreferencing OFF on input line 6078.
Package hyperref Info: Link coloring ON on input line 6081.
Package hyperref Info: Link coloring with OCG OFF on input line 6088.
Package hyperref Info: PDF/A mode OFF on input line 6093.
 (/usr/local/texlive/2024/texmf-dist/tex/latex/base/atbegshi-ltx.sty
Package: atbegshi-ltx 2021/01/10 v1.0c Emulation of the original atbegshi
package with kernel methods
)
\Hy@abspage=\count286
\c@Item=\count287
\c@Hfootnote=\count288
)
Package hyperref Info: Driver (autodetected): hpdftex.
 (/usr/local/texlive/2024/texmf-dist/tex/latex/hyperref/hpdftex.def
File: hpdftex.def 2024-01-20 v7.01h Hyperref driver for pdfTeX
 (/usr/local/texlive/2024/texmf-dist/tex/latex/base/atveryend-ltx.sty
Package: atveryend-ltx 2020/08/19 v1.0a Emulation of the original atveryend package
with kernel methods
)
\Fld@listcount=\count289
\c@bookmark@seq@number=\count290
 (/usr/local/texlive/2024/texmf-dist/tex/latex/rerunfilecheck/rerunfilecheck.sty
Package: rerunfilecheck 2022-07-10 v1.10 Rerun checks for auxiliary files (HO)
 (/usr/local/texlive/2024/texmf-dist/tex/generic/uniquecounter/uniquecounter.sty
Package: uniquecounter 2019/12/15 v1.4 Provide unlimited unique counter (HO)
)
Package uniquecounter Info: New unique counter `rerunfilecheck' on input line 285.
)
\Hy@SectionHShift=\skip56
) (/usr/local/texlive/2024/texmf-dist/tex/latex/base/inputenc.sty
Package: inputenc 2021/02/14 v1.3d Input encoding file
\inpenc@prehook=\toks35
\inpenc@posthook=\toks36
) (/usr/local/texlive/2024/texmf-dist/tex/generic/babel/babel.sty
Package: babel 2024/02/07 v24.2 The Babel package
\babel@savecnt=\count291
\U@D=\dimen164
\l@unhyphenated=\language89
 (/usr/local/texlive/2024/texmf-dist/tex/generic/babel/txtbabel.def)
\bbl@readstream=\read2
\bbl@dirlevel=\count292
 (/usr/local/texlive/2024/texmf-dist/tex/generic/babel-english/english.ldf
Language: english 2017/06/06 v3.3r English support from the babel system
Package babel Info: Hyphen rules for 'canadian' set to \l@english
(babel)             (\language0). Reported on input line 102.
Package babel Info: Hyphen rules for 'australian' set to \l@ukenglish
(babel)             (\language23). Reported on input line 105.
Package babel Info: Hyphen rules for 'newzealand' set to \l@ukenglish
(babel)             (\language23). Reported on input line 108.
)) (/usr/local/texlive/2024/texmf-dist/tex/generic/babel/locale/en/babel-english.tex
Package babel Info: Importing font and identification data for english
(babel)             from babel-en.ini. Reported on input line 11.
) (/usr/local/texlive/2024/texmf-dist/tex/latex/xcolor/xcolor.sty
Package: xcolor 2023/11/15 v3.01 LaTeX color extensions (UK)
 (/usr/local/texlive/2024/texmf-dist/tex/latex/graphics-cfg/color.cfg
File: color.cfg 2016/01/02 v1.6 sample color configuration
)
Package xcolor Info: Driver file: pdftex.def on input line 274.
 (/usr/local/texlive/2024/texmf-dist/tex/latex/graphics/mathcolor.ltx)
Package xcolor Info: Model `cmy' substituted by `cmy0' on input line 1350.
Package xcolor Info: Model `hsb' substituted by `rgb' on input line 1354.
Package xcolor Info: Model `RGB' extended on input line 1366.
Package xcolor Info: Model `HTML' substituted by `rgb' on input line 1368.
Package xcolor Info: Model `Hsb' substituted by `hsb' on input line 1369.
Package xcolor Info: Model `tHsb' substituted by `hsb' on input line 1370.
Package xcolor Info: Model `HSB' substituted by `hsb' on input line 1371.
Package xcolor Info: Model `Gray' substituted by `gray' on input line 1372.
Package xcolor Info: Model `wave' substituted by `hsb' on input line 1373.
) (/usr/local/texlive/2024/texmf-dist/tex/latex/framed/framed.sty
Package: framed 2011/10/22 v 0.96: framed or shaded text with page breaks
\OuterFrameSep=\skip57
\fb@frw=\dimen165
\fb@frh=\dimen166
\FrameRule=\dimen167
\FrameSep=\dimen168
) (/usr/local/texlive/2024/texmf-dist/tex/latex/graphics/dvipsnam.def
File: dvipsnam.def 2016/06/17 v3.0m Driver-dependent file (DPC,SPQR)
) (/usr/local/texlive/2024/texmf-dist/tex/latex/tcolorbox/tcolorbox.sty
Package: tcolorbox 2024/01/10 version 6.2.0 text color boxes
 (/usr/local/texlive/2024/texmf-dist/tex/latex/pgf/basiclayer/pgf.sty (/usr/local/texlive/2024/texmf-dist/tex/latex/pgf/utilities/pgfrcs.sty (/usr/local/texlive/2024/texmf-dist/tex/generic/pgf/utilities/pgfutil-common.tex
\pgfutil@everybye=\toks37
\pgfutil@tempdima=\dimen169
\pgfutil@tempdimb=\dimen170
) (/usr/local/texlive/2024/texmf-dist/tex/generic/pgf/utilities/pgfutil-latex.def
\pgfutil@abb=\box55
) (/usr/local/texlive/2024/texmf-dist/tex/generic/pgf/utilities/pgfrcs.code.tex (/usr/local/texlive/2024/texmf-dist/tex/generic/pgf/pgf.revision.tex)
Package: pgfrcs 2023-01-15 v3.1.10 (3.1.10)
))
Package: pgf 2023-01-15 v3.1.10 (3.1.10)
 (/usr/local/texlive/2024/texmf-dist/tex/latex/pgf/basiclayer/pgfcore.sty (/usr/local/texlive/2024/texmf-dist/tex/latex/pgf/systemlayer/pgfsys.sty (/usr/local/texlive/2024/texmf-dist/tex/generic/pgf/systemlayer/pgfsys.code.tex
Package: pgfsys 2023-01-15 v3.1.10 (3.1.10)
 (/usr/local/texlive/2024/texmf-dist/tex/generic/pgf/utilities/pgfkeys.code.tex
\pgfkeys@pathtoks=\toks38
\pgfkeys@temptoks=\toks39
 (/usr/local/texlive/2024/texmf-dist/tex/generic/pgf/utilities/pgfkeyslibraryfiltered.code.tex
\pgfkeys@tmptoks=\toks40
))
\pgf@x=\dimen171
\pgf@y=\dimen172
\pgf@xa=\dimen173
\pgf@ya=\dimen174
\pgf@xb=\dimen175
\pgf@yb=\dimen176
\pgf@xc=\dimen177
\pgf@yc=\dimen178
\pgf@xd=\dimen179
\pgf@yd=\dimen180
\w@pgf@writea=\write3
\r@pgf@reada=\read3
\c@pgf@counta=\count293
\c@pgf@countb=\count294
\c@pgf@countc=\count295
\c@pgf@countd=\count296
\t@pgf@toka=\toks41
\t@pgf@tokb=\toks42
\t@pgf@tokc=\toks43
\pgf@sys@id@count=\count297
 (/usr/local/texlive/2024/texmf-dist/tex/generic/pgf/systemlayer/pgf.cfg
File: pgf.cfg 2023-01-15 v3.1.10 (3.1.10)
)
Driver file for pgf: pgfsys-pdftex.def
 (/usr/local/texlive/2024/texmf-dist/tex/generic/pgf/systemlayer/pgfsys-pdftex.def
File: pgfsys-pdftex.def 2023-01-15 v3.1.10 (3.1.10)
 (/usr/local/texlive/2024/texmf-dist/tex/generic/pgf/systemlayer/pgfsys-common-pdf.def
File: pgfsys-common-pdf.def 2023-01-15 v3.1.10 (3.1.10)
))) (/usr/local/texlive/2024/texmf-dist/tex/generic/pgf/systemlayer/pgfsyssoftpath.code.tex
File: pgfsyssoftpath.code.tex 2023-01-15 v3.1.10 (3.1.10)
\pgfsyssoftpath@smallbuffer@items=\count298
\pgfsyssoftpath@bigbuffer@items=\count299
) (/usr/local/texlive/2024/texmf-dist/tex/generic/pgf/systemlayer/pgfsysprotocol.code.tex
File: pgfsysprotocol.code.tex 2023-01-15 v3.1.10 (3.1.10)
)) (/usr/local/texlive/2024/texmf-dist/tex/generic/pgf/basiclayer/pgfcore.code.tex
Package: pgfcore 2023-01-15 v3.1.10 (3.1.10)
 (/usr/local/texlive/2024/texmf-dist/tex/generic/pgf/math/pgfmath.code.tex (/usr/local/texlive/2024/texmf-dist/tex/generic/pgf/math/pgfmathutil.code.tex) (/usr/local/texlive/2024/texmf-dist/tex/generic/pgf/math/pgfmathparser.code.tex
\pgfmath@dimen=\dimen181
\pgfmath@count=\count300
\pgfmath@box=\box56
\pgfmath@toks=\toks44
\pgfmath@stack@operand=\toks45
\pgfmath@stack@operation=\toks46
) (/usr/local/texlive/2024/texmf-dist/tex/generic/pgf/math/pgfmathfunctions.code.tex) (/usr/local/texlive/2024/texmf-dist/tex/generic/pgf/math/pgfmathfunctions.basic.code.tex) (/usr/local/texlive/2024/texmf-dist/tex/generic/pgf/math/pgfmathfunctions.trigonometric.code.tex) (/usr/local/texlive/2024/texmf-dist/tex/generic/pgf/math/pgfmathfunctions.random.code.tex) (/usr/local/texlive/2024/texmf-dist/tex/generic/pgf/math/pgfmathfunctions.comparison.code.tex) (/usr/local/texlive/2024/texmf-dist/tex/generic/pgf/math/pgfmathfunctions.base.code.tex) (/usr/local/texlive/2024/texmf-dist/tex/generic/pgf/math/pgfmathfunctions.round.code.tex) (/usr/local/texlive/2024/texmf-dist/tex/generic/pgf/math/pgfmathfunctions.misc.code.tex) (/usr/local/texlive/2024/texmf-dist/tex/generic/pgf/math/pgfmathfunctions.integerarithmetics.code.tex) (/usr/local/texlive/2024/texmf-dist/tex/generic/pgf/math/pgfmathcalc.code.tex) (/usr/local/texlive/2024/texmf-dist/tex/generic/pgf/math/pgfmathfloat.code.tex
\c@pgfmathroundto@lastzeros=\count301
)) (/usr/local/texlive/2024/texmf-dist/tex/generic/pgf/math/pgfint.code.tex) (/usr/local/texlive/2024/texmf-dist/tex/generic/pgf/basiclayer/pgfcorepoints.code.tex
File: pgfcorepoints.code.tex 2023-01-15 v3.1.10 (3.1.10)
\pgf@picminx=\dimen182
\pgf@picmaxx=\dimen183
\pgf@picminy=\dimen184
\pgf@picmaxy=\dimen185
\pgf@pathminx=\dimen186
\pgf@pathmaxx=\dimen187
\pgf@pathminy=\dimen188
\pgf@pathmaxy=\dimen189
\pgf@xx=\dimen190
\pgf@xy=\dimen191
\pgf@yx=\dimen192
\pgf@yy=\dimen193
\pgf@zx=\dimen194
\pgf@zy=\dimen195
) (/usr/local/texlive/2024/texmf-dist/tex/generic/pgf/basiclayer/pgfcorepathconstruct.code.tex
File: pgfcorepathconstruct.code.tex 2023-01-15 v3.1.10 (3.1.10)
\pgf@path@lastx=\dimen196
\pgf@path@lasty=\dimen197
) (/usr/local/texlive/2024/texmf-dist/tex/generic/pgf/basiclayer/pgfcorepathusage.code.tex
File: pgfcorepathusage.code.tex 2023-01-15 v3.1.10 (3.1.10)
\pgf@shorten@end@additional=\dimen198
\pgf@shorten@start@additional=\dimen199
) (/usr/local/texlive/2024/texmf-dist/tex/generic/pgf/basiclayer/pgfcorescopes.code.tex
File: pgfcorescopes.code.tex 2023-01-15 v3.1.10 (3.1.10)
\pgfpic=\box57
\pgf@hbox=\box58
\pgf@layerbox@main=\box59
\pgf@picture@serial@count=\count302
) (/usr/local/texlive/2024/texmf-dist/tex/generic/pgf/basiclayer/pgfcoregraphicstate.code.tex
File: pgfcoregraphicstate.code.tex 2023-01-15 v3.1.10 (3.1.10)
\pgflinewidth=\dimen256
) (/usr/local/texlive/2024/texmf-dist/tex/generic/pgf/basiclayer/pgfcoretransformations.code.tex
File: pgfcoretransformations.code.tex 2023-01-15 v3.1.10 (3.1.10)
\pgf@pt@x=\dimen257
\pgf@pt@y=\dimen258
\pgf@pt@temp=\dimen259
) (/usr/local/texlive/2024/texmf-dist/tex/generic/pgf/basiclayer/pgfcorequick.code.tex
File: pgfcorequick.code.tex 2023-01-15 v3.1.10 (3.1.10)
) (/usr/local/texlive/2024/texmf-dist/tex/generic/pgf/basiclayer/pgfcoreobjects.code.tex
File: pgfcoreobjects.code.tex 2023-01-15 v3.1.10 (3.1.10)
) (/usr/local/texlive/2024/texmf-dist/tex/generic/pgf/basiclayer/pgfcorepathprocessing.code.tex
File: pgfcorepathprocessing.code.tex 2023-01-15 v3.1.10 (3.1.10)
) (/usr/local/texlive/2024/texmf-dist/tex/generic/pgf/basiclayer/pgfcorearrows.code.tex
File: pgfcorearrows.code.tex 2023-01-15 v3.1.10 (3.1.10)
\pgfarrowsep=\dimen260
) (/usr/local/texlive/2024/texmf-dist/tex/generic/pgf/basiclayer/pgfcoreshade.code.tex
File: pgfcoreshade.code.tex 2023-01-15 v3.1.10 (3.1.10)
\pgf@max=\dimen261
\pgf@sys@shading@range@num=\count303
\pgf@shadingcount=\count304
) (/usr/local/texlive/2024/texmf-dist/tex/generic/pgf/basiclayer/pgfcoreimage.code.tex
File: pgfcoreimage.code.tex 2023-01-15 v3.1.10 (3.1.10)
) (/usr/local/texlive/2024/texmf-dist/tex/generic/pgf/basiclayer/pgfcoreexternal.code.tex
File: pgfcoreexternal.code.tex 2023-01-15 v3.1.10 (3.1.10)
\pgfexternal@startupbox=\box60
) (/usr/local/texlive/2024/texmf-dist/tex/generic/pgf/basiclayer/pgfcorelayers.code.tex
File: pgfcorelayers.code.tex 2023-01-15 v3.1.10 (3.1.10)
) (/usr/local/texlive/2024/texmf-dist/tex/generic/pgf/basiclayer/pgfcoretransparency.code.tex
File: pgfcoretransparency.code.tex 2023-01-15 v3.1.10 (3.1.10)
) (/usr/local/texlive/2024/texmf-dist/tex/generic/pgf/basiclayer/pgfcorepatterns.code.tex
File: pgfcorepatterns.code.tex 2023-01-15 v3.1.10 (3.1.10)
) (/usr/local/texlive/2024/texmf-dist/tex/generic/pgf/basiclayer/pgfcorerdf.code.tex
File: pgfcorerdf.code.tex 2023-01-15 v3.1.10 (3.1.10)
))) (/usr/local/texlive/2024/texmf-dist/tex/generic/pgf/modules/pgfmoduleshapes.code.tex
File: pgfmoduleshapes.code.tex 2023-01-15 v3.1.10 (3.1.10)
\pgfnodeparttextbox=\box61
) (/usr/local/texlive/2024/texmf-dist/tex/generic/pgf/modules/pgfmoduleplot.code.tex
File: pgfmoduleplot.code.tex 2023-01-15 v3.1.10 (3.1.10)
) (/usr/local/texlive/2024/texmf-dist/tex/latex/pgf/compatibility/pgfcomp-version-0-65.sty
Package: pgfcomp-version-0-65 2023-01-15 v3.1.10 (3.1.10)
\pgf@nodesepstart=\dimen262
\pgf@nodesepend=\dimen263
) (/usr/local/texlive/2024/texmf-dist/tex/latex/pgf/compatibility/pgfcomp-version-1-18.sty
Package: pgfcomp-version-1-18 2023-01-15 v3.1.10 (3.1.10)
)) (/usr/local/texlive/2024/texmf-dist/tex/latex/tools/verbatim.sty
Package: verbatim 2023-11-06 v1.5v LaTeX2e package for verbatim enhancements
\every@verbatim=\toks47
\verbatim@line=\toks48
\verbatim@in@stream=\read4
) (/usr/local/texlive/2024/texmf-dist/tex/latex/environ/environ.sty
Package: environ 2014/05/04 v0.3 A new way to define environments
 (/usr/local/texlive/2024/texmf-dist/tex/latex/trimspaces/trimspaces.sty
Package: trimspaces 2009/09/17 v1.1 Trim spaces around a token list
))
\tcb@titlebox=\box62
\tcb@upperbox=\box63
\tcb@lowerbox=\box64
\tcb@phantombox=\box65
\c@tcbbreakpart=\count305
\c@tcblayer=\count306
\c@tcolorbox@number=\count307
\l__tcobox_tmpa_box=\box66
\l__tcobox_tmpa_dim=\dimen264
\tcb@temp=\box67
\tcb@temp=\box68
\tcb@temp=\box69
\tcb@temp=\box70
) (/usr/local/texlive/2024/texmf-dist/tex/latex/fancyhdr/fancyhdr.sty
Package: fancyhdr 2022/11/09 v4.1 Extensive control of page headers and footers
\f@nch@headwidth=\skip58
\f@nch@O@elh=\skip59
\f@nch@O@erh=\skip60
\f@nch@O@olh=\skip61
\f@nch@O@orh=\skip62
\f@nch@O@elf=\skip63
\f@nch@O@erf=\skip64
\f@nch@O@olf=\skip65
\f@nch@O@orf=\skip66
) (/usr/local/texlive/2024/texmf-dist/tex/latex/tools/tabularx.sty
Package: tabularx 2023/07/08 v2.11c `tabularx' package (DPC)
 (/usr/local/texlive/2024/texmf-dist/tex/latex/tools/array.sty
Package: array 2023/10/16 v2.5g Tabular extension package (FMi)
\col@sep=\dimen265
\ar@mcellbox=\box71
\extrarowheight=\dimen266
\NC@list=\toks49
\extratabsurround=\skip67
\backup@length=\skip68
\ar@cellbox=\box72
)
\TX@col@width=\dimen267
\TX@old@table=\dimen268
\TX@old@col=\dimen269
\TX@target=\dimen270
\TX@delta=\dimen271
\TX@cols=\count308
\TX@ftn=\toks50
) (/usr/local/texlive/2024/texmf-dist/tex/latex/colortbl/colortbl.sty
Package: colortbl 2024/02/20 v1.0g Color table columns (DPC)
\everycr=\toks51
\minrowclearance=\skip69
\rownum=\count309
)

Package geometry Warning: Over-specification in `h'-direction.
    `width' (483.69684pt) is ignored.

Package thmtools Info: Key `name' (with value `Theorem')
(thmtools)             is not a known style key.
(thmtools)             Will pass this to every \declaretheorem
(thmtools)             that uses `style=thmsty' on input line 39.
\c@theorem=\count310
Package thmtools Info: Key `name' (with value `Proposition')
(thmtools)             is not a known style key.
(thmtools)             Will pass this to every \declaretheorem
(thmtools)             that uses `style=prosty' on input line 44.
Package thmtools Info: Key `name' (with value `Principle')
(thmtools)             is not a known style key.
(thmtools)             Will pass this to every \declaretheorem
(thmtools)             that uses `style=prcpsty' on input line 48.

Package geometry Warning: Over-specification in `h'-direction.
    `width' (397.48499pt) is ignored.

(/usr/local/texlive/2024/texmf-dist/tex/latex/l3backend/l3backend-pdftex.def
File: l3backend-pdftex.def 2024-02-20 L3 backend support: PDF output (pdfTeX)
\l__color_backend_stack_int=\count311
\l__pdf_internal_box=\box73
) (./main.aux

LaTeX Warning: Label `fig:AllFeatures' multiply defined.


LaTeX Warning: Label `fig:CalMod' multiply defined.

)
\openout1 = `main.aux'.

LaTeX Font Info:    Checking defaults for OML/cmm/m/it on input line 64.
LaTeX Font Info:    ... okay on input line 64.
LaTeX Font Info:    Checking defaults for OMS/cmsy/m/n on input line 64.
LaTeX Font Info:    ... okay on input line 64.
LaTeX Font Info:    Checking defaults for OT1/cmr/m/n on input line 64.
LaTeX Font Info:    ... okay on input line 64.
LaTeX Font Info:    Checking defaults for T1/cmr/m/n on input line 64.
LaTeX Font Info:    ... okay on input line 64.
LaTeX Font Info:    Checking defaults for TS1/cmr/m/n on input line 64.
LaTeX Font Info:    ... okay on input line 64.
LaTeX Font Info:    Checking defaults for OMX/cmex/m/n on input line 64.
LaTeX Font Info:    ... okay on input line 64.
LaTeX Font Info:    Checking defaults for U/cmr/m/n on input line 64.
LaTeX Font Info:    ... okay on input line 64.
LaTeX Font Info:    Checking defaults for PD1/pdf/m/n on input line 64.
LaTeX Font Info:    ... okay on input line 64.
LaTeX Font Info:    Checking defaults for PU/pdf/m/n on input line 64.
LaTeX Font Info:    ... okay on input line 64.
 (/usr/local/texlive/2024/texmf-dist/tex/context/base/mkii/supp-pdf.mkii
[Loading MPS to PDF converter (version 2006.09.02).]
\scratchcounter=\count312
\scratchdimen=\dimen272
\scratchbox=\box74
\nofMPsegments=\count313
\nofMParguments=\count314
\everyMPshowfont=\toks52
\MPscratchCnt=\count315
\MPscratchDim=\dimen273
\MPnumerator=\count316
\makeMPintoPDFobject=\count317
\everyMPtoPDFconversion=\toks53
) (/usr/local/texlive/2024/texmf-dist/tex/latex/epstopdf-pkg/epstopdf-base.sty
Package: epstopdf-base 2020-01-24 v2.11 Base part for package epstopdf
Package epstopdf-base Info: Redefining graphics rule for `.eps' on input line 485.
 (/usr/local/texlive/2024/texmf-dist/tex/latex/latexconfig/epstopdf-sys.cfg
File: epstopdf-sys.cfg 2010/07/13 v1.3 Configuration of (r)epstopdf for TeX Live
))
*geometry* driver: auto-detecting
*geometry* detected driver: pdftex
*geometry* verbose mode - [ preamble ] result:
* driver: pdftex
* paper: a4paper
* layout: <same size as paper>
* layoutoffset:(h,v)=(0.0pt,0.0pt)
* modes: 
* h-part:(L,W,R)=(56.9055pt, 483.69687pt, 56.9055pt)
* v-part:(T,H,B)=(72.26999pt, 650.43pt, 122.34686pt)
* \paperwidth=597.50787pt
* \paperheight=845.04684pt
* \textwidth=483.69687pt
* \textheight=650.43pt
* \oddsidemargin=-15.36449pt
* \evensidemargin=-15.36449pt
* \topmargin=-37.0pt
* \headheight=12.0pt
* \headsep=25.0pt
* \topskip=10.0pt
* \footskip=30.0pt
* \marginparwidth=65.0pt
* \marginparsep=11.0pt
* \columnsep=10.0pt
* \skip\footins=9.0pt plus 4.0pt minus 2.0pt
* \hoffset=0.0pt
* \voffset=0.0pt
* \mag=1000
* \@twocolumnfalse
* \@twosidefalse
* \@mparswitchfalse
* \@reversemarginfalse
* (1in=72.27pt=25.4mm, 1cm=28.453pt)

Package hyperref Info: Link coloring ON on input line 64.
(./main.out) (./main.out)
\@outlinefile=\write4
\openout4 = `main.out'.

LaTeX Font Info:    Trying to load font information for U+msa on input line 83.
 (/usr/local/texlive/2024/texmf-dist/tex/latex/amsfonts/umsa.fd
File: umsa.fd 2013/01/14 v3.01 AMS symbols A
)
LaTeX Font Info:    Trying to load font information for U+msb on input line 83.
 (/usr/local/texlive/2024/texmf-dist/tex/latex/amsfonts/umsb.fd
File: umsb.fd 2013/01/14 v3.01 AMS symbols B
) [1

{/usr/local/texlive/2024/texmf-var/fonts/map/pdftex/updmap/pdftex.map}] (./main.toc)
\tf@toc=\write5
\openout5 = `main.toc'.



Package fancyhdr Warning: \headheight is too small (12.0pt): 
(fancyhdr)                Make it at least 22.54448pt, for example:
(fancyhdr)                \setlength{\headheight}{22.54448pt}.
(fancyhdr)                You might also make \topmargin smaller to compensate:
(fancyhdr)                \addtolength{\topmargin}{-10.54448pt}.

[2]
<./img/AllFeatures.png, id=166, 422.07687pt x 426.09187pt>
File: ./img/AllFeatures.png Graphic file (type png)
<use ./img/AllFeatures.png>
Package pdftex.def Info: ./img/AllFeatures.png  used on input line 103.
(pdftex.def)             Requested size: 241.84843pt x 244.1557pt.
<./img/image2.png, id=168, 757.83125pt x 760.8425pt>
File: ./img/image2.png Graphic file (type png)
<use ./img/image2.png>
Package pdftex.def Info: ./img/image2.png  used on input line 113.
(pdftex.def)             Requested size: 217.66211pt x 218.52574pt.


Package fancyhdr Warning: \headheight is too small (12.0pt): 
(fancyhdr)                Make it at least 22.54448pt, for example:
(fancyhdr)                \setlength{\headheight}{22.54448pt}.
(fancyhdr)                You might also make \topmargin smaller to compensate:
(fancyhdr)                \addtolength{\topmargin}{-10.54448pt}.

[3{/usr/local/texlive/2024/texmf-dist/fonts/enc/dvips/cm-super/cm-super-ts1.enc} <./img/AllFeatures.png>]

Package fancyhdr Warning: \headheight is too small (12.0pt): 
(fancyhdr)                Make it at least 22.54448pt, for example:
(fancyhdr)                \setlength{\headheight}{22.54448pt}.
(fancyhdr)                You might also make \topmargin smaller to compensate:
(fancyhdr)                \addtolength{\topmargin}{-10.54448pt}.

[4 <./img/image2.png>]
<./img/correlazione.png, id=184, 543.02875pt x 186.6975pt>
File: ./img/correlazione.png Graphic file (type png)
<use ./img/correlazione.png>
Package pdftex.def Info: ./img/correlazione.png  used on input line 149.
(pdftex.def)             Requested size: 386.95897pt x 133.04613pt.

Underfull \hbox (badness 10000) in paragraph at lines 153--158

 []


Underfull \hbox (badness 10000) in paragraph at lines 153--158

 []


Underfull \hbox (badness 10000) in paragraph at lines 166--171

 []


Package fancyhdr Warning: \headheight is too small (12.0pt): 
(fancyhdr)                Make it at least 22.54448pt, for example:
(fancyhdr)                \setlength{\headheight}{22.54448pt}.
(fancyhdr)                You might also make \topmargin smaller to compensate:
(fancyhdr)                \addtolength{\topmargin}{-10.54448pt}.

[5 <./img/correlazione.png>]
<./img/variance.png, id=198, 631.86063pt x 470.25688pt>
File: ./img/variance.png Graphic file (type png)
<use ./img/variance.png>
Package pdftex.def Info: ./img/variance.png  used on input line 179.
(pdftex.def)             Requested size: 241.84843pt x 179.99106pt.
<./img/PCA.png, id=200, 571.13374pt x 319.1925pt>
File: ./img/PCA.png Graphic file (type png)
<use ./img/PCA.png>
Package pdftex.def Info: ./img/PCA.png  used on input line 187.
(pdftex.def)             Requested size: 338.58632pt x 189.22784pt.


Package fancyhdr Warning: \headheight is too small (12.0pt): 
(fancyhdr)                Make it at least 22.54448pt, for example:
(fancyhdr)                \setlength{\headheight}{22.54448pt}.
(fancyhdr)                You might also make \topmargin smaller to compensate:
(fancyhdr)                \addtolength{\topmargin}{-10.54448pt}.

[6 <./img/variance.png> <./img/PCA.png>]
<./img/LDA.png, id=211, 677.53125pt x 326.21875pt>
File: ./img/LDA.png Graphic file (type png)
<use ./img/LDA.png>
Package pdftex.def Info: ./img/LDA.png  used on input line 209.
(pdftex.def)             Requested size: 338.58632pt x 163.02933pt.


Package fancyhdr Warning: \headheight is too small (12.0pt): 
(fancyhdr)                Make it at least 22.54448pt, for example:
(fancyhdr)                \setlength{\headheight}{22.54448pt}.
(fancyhdr)                You might also make \topmargin smaller to compensate:
(fancyhdr)                \addtolength{\topmargin}{-10.54448pt}.

[7 <./img/LDA.png>]

Package fancyhdr Warning: \headheight is too small (12.0pt): 
(fancyhdr)                Make it at least 22.54448pt, for example:
(fancyhdr)                \setlength{\headheight}{22.54448pt}.
(fancyhdr)                You might also make \topmargin smaller to compensate:
(fancyhdr)                \addtolength{\topmargin}{-10.54448pt}.

[8]
<./img/GaussianDensity.jpeg, id=231, 722.7pt x 406.51875pt>
File: ./img/GaussianDensity.jpeg Graphic file (type jpg)
<use ./img/GaussianDensity.jpeg>
Package pdftex.def Info: ./img/GaussianDensity.jpeg  used on input line 256.
(pdftex.def)             Requested size: 386.95897pt x 217.66216pt.


Package fancyhdr Warning: \headheight is too small (12.0pt): 
(fancyhdr)                Make it at least 22.54448pt, for example:
(fancyhdr)                \setlength{\headheight}{22.54448pt}.
(fancyhdr)                You might also make \topmargin smaller to compensate:
(fancyhdr)                \addtolength{\topmargin}{-10.54448pt}.

[9 <./img/GaussianDensity.jpeg>]
Underfull \hbox (badness 10000) in paragraph at lines 273--278

 []


Underfull \hbox (badness 10000) in paragraph at lines 297--302

 []


Package fancyhdr Warning: \headheight is too small (12.0pt): 
(fancyhdr)                Make it at least 22.54448pt, for example:
(fancyhdr)                \setlength{\headheight}{22.54448pt}.
(fancyhdr)                You might also make \topmargin smaller to compensate:
(fancyhdr)                \addtolength{\topmargin}{-10.54448pt}.

[10]

Package fancyhdr Warning: \headheight is too small (12.0pt): 
(fancyhdr)                Make it at least 22.54448pt, for example:
(fancyhdr)                \setlength{\headheight}{22.54448pt}.
(fancyhdr)                You might also make \topmargin smaller to compensate:
(fancyhdr)                \addtolength{\topmargin}{-10.54448pt}.

[11]

Package fancyhdr Warning: \headheight is too small (12.0pt): 
(fancyhdr)                Make it at least 22.54448pt, for example:
(fancyhdr)                \setlength{\headheight}{22.54448pt}.
(fancyhdr)                You might also make \topmargin smaller to compensate:
(fancyhdr)                \addtolength{\topmargin}{-10.54448pt}.

[12]
Underfull \hbox (badness 10000) in paragraph at lines 422--466

 []


Package fancyhdr Warning: \headheight is too small (12.0pt): 
(fancyhdr)                Make it at least 22.54448pt, for example:
(fancyhdr)                \setlength{\headheight}{22.54448pt}.
(fancyhdr)                You might also make \topmargin smaller to compensate:
(fancyhdr)                \addtolength{\topmargin}{-10.54448pt}.

[13]

Package fancyhdr Warning: \headheight is too small (12.0pt): 
(fancyhdr)                Make it at least 22.54448pt, for example:
(fancyhdr)                \setlength{\headheight}{22.54448pt}.
(fancyhdr)                You might also make \topmargin smaller to compensate:
(fancyhdr)                \addtolength{\topmargin}{-10.54448pt}.

[14]
<./img/full.png, id=280, 630.355pt x 471.7625pt>
File: ./img/full.png Graphic file (type png)
<use ./img/full.png>
Package pdftex.def Info: ./img/full.png  used on input line 479.
(pdftex.def)             Requested size: 145.11053pt x 108.59666pt.
<./img/naive.png, id=281, 631.35875pt x 473.77pt>
File: ./img/naive.png Graphic file (type png)
<use ./img/naive.png>
Package pdftex.def Info: ./img/naive.png  used on input line 484.
(pdftex.def)             Requested size: 145.11053pt x 108.89252pt.
<./img/tied.png, id=282, 631.35875pt x 472.76625pt>
File: ./img/tied.png Graphic file (type png)
<use ./img/tied.png>
Package pdftex.def Info: ./img/tied.png  used on input line 489.
(pdftex.def)             Requested size: 145.11053pt x 108.6618pt.


Package fancyhdr Warning: \headheight is too small (12.0pt): 
(fancyhdr)                Make it at least 22.54448pt, for example:
(fancyhdr)                \setlength{\headheight}{22.54448pt}.
(fancyhdr)                You might also make \topmargin smaller to compensate:
(fancyhdr)                \addtolength{\topmargin}{-10.54448pt}.

[15 <./img/full.png> <./img/naive.png> <./img/tied.png>]
<./img/LLR_noW1.png, id=294, 639.38875pt x 479.7925pt>
File: ./img/LLR_noW1.png Graphic file (type png)
<use ./img/LLR_noW1.png>
Package pdftex.def Info: ./img/LLR_noW1.png  used on input line 531.
(pdftex.def)             Requested size: 130.60022pt x 97.99936pt.
<./img/LLR_noW2.png, id=295, 631.35875pt x 471.7625pt>
File: ./img/LLR_noW2.png Graphic file (type png)
<use ./img/LLR_noW2.png>
Package pdftex.def Info: ./img/LLR_noW2.png  used on input line 535.
(pdftex.def)             Requested size: 130.60022pt x 97.58295pt.
<./img/LLR_noW3.png, id=296, 627.34375pt x 462.72874pt>
File: ./img/LLR_noW3.png Graphic file (type png)
<use ./img/LLR_noW3.png>
Package pdftex.def Info: ./img/LLR_noW3.png  used on input line 539.
(pdftex.def)             Requested size: 130.60022pt x 96.32861pt.
<./img/LLR_Z1.png, id=297, 624.3325pt x 472.76625pt>
File: ./img/LLR_Z1.png Graphic file (type png)
<use ./img/LLR_Z1.png>
Package pdftex.def Info: ./img/LLR_Z1.png  used on input line 543.
(pdftex.def)             Requested size: 120.92421pt x 91.56505pt.

Overfull \hbox (29.028pt too wide) in paragraph at lines 529--545
 []$[]$$[]$$[]$$[]$ 
 []


Underfull \hbox (badness 10000) in paragraph at lines 524--547

 []


Underfull \hbox (badness 10000) in paragraph at lines 524--547

 []

<./img/LLR_noW501.png, id=298, 621.32124pt x 464.73625pt>
File: ./img/LLR_noW501.png Graphic file (type png)
<use ./img/LLR_noW501.png>
Package pdftex.def Info: ./img/LLR_noW501.png  used on input line 552.
(pdftex.def)             Requested size: 145.11053pt x 108.53935pt.
<./img/LLR_noW502.png, id=299, 602.25pt x 467.7475pt>
File: ./img/LLR_noW502.png Graphic file (type png)
<use ./img/LLR_noW502.png>
Package pdftex.def Info: ./img/LLR_noW502.png  used on input line 557.
(pdftex.def)             Requested size: 145.11053pt x 112.7042pt.
<./img/LLR_noW503.png, id=300, 620.3175pt x 466.74374pt>
File: ./img/LLR_noW503.png Graphic file (type png)
<use ./img/LLR_noW503.png>
Package pdftex.def Info: ./img/LLR_noW503.png  used on input line 562.
(pdftex.def)             Requested size: 145.11053pt x 109.17914pt.

Package fancyhdr Warning: \headheight is too small (12.0pt): 
(fancyhdr)                Make it at least 22.54448pt, for example:
(fancyhdr)                \setlength{\headheight}{22.54448pt}.
(fancyhdr)                You might also make \topmargin smaller to compensate:
(fancyhdr)                \addtolength{\topmargin}{-10.54448pt}.

[16 <./img/LLR_noW1.png> <./img/LLR_noW2.png> <./img/LLR_noW3.png> <./img/LLR_Z1.png> <./img/LLR_noW501.png> <./img/LLR_noW502.png> <./img/LLR_noW503.png>]
<./img/LLR_W1.png, id=319, 620.3175pt x 465.74pt>
File: ./img/LLR_W1.png Graphic file (type png)
<use ./img/LLR_W1.png>
Package pdftex.def Info: ./img/LLR_W1.png  used on input line 648.
(pdftex.def)             Requested size: 111.2482pt x 83.52399pt.
<./img/LLR_W2.png, id=320, 623.32875pt x 468.75125pt>
File: ./img/LLR_W2.png Graphic file (type png)
<use ./img/LLR_W2.png>
Package pdftex.def Info: ./img/LLR_W2.png  used on input line 653.
(pdftex.def)             Requested size: 111.2482pt x 83.65633pt.
<./img/LLR_W3.png, id=321, 615.29875pt x 468.75125pt>
File: ./img/LLR_W3.png Graphic file (type png)
<use ./img/LLR_W3.png>
Package pdftex.def Info: ./img/LLR_W3.png  used on input line 658.
(pdftex.def)             Requested size: 111.2482pt x 84.75066pt.
<./img/LLR_Z2.png, id=322, 635.37375pt x 468.75125pt>
File: ./img/LLR_Z2.png Graphic file (type png)
<use ./img/LLR_Z2.png>
Package pdftex.def Info: ./img/LLR_Z2.png  used on input line 663.
(pdftex.def)             Requested size: 111.2482pt x 82.06845pt.
<./img/LLR_Z3.png, id=323, 626.34pt x 472.76625pt>
File: ./img/LLR_Z3.png Graphic file (type png)
<use ./img/LLR_Z3.png>
Package pdftex.def Info: ./img/LLR_Z3.png  used on input line 668.
(pdftex.def)             Requested size: 111.2482pt x 83.96889pt.


Package fancyhdr Warning: \headheight is too small (12.0pt): 
(fancyhdr)                Make it at least 22.54448pt, for example:
(fancyhdr)                \setlength{\headheight}{22.54448pt}.
(fancyhdr)                You might also make \topmargin smaller to compensate:
(fancyhdr)                \addtolength{\topmargin}{-10.54448pt}.

[17]

Package fancyhdr Warning: \headheight is too small (12.0pt): 
(fancyhdr)                Make it at least 22.54448pt, for example:
(fancyhdr)                \setlength{\headheight}{22.54448pt}.
(fancyhdr)                You might also make \topmargin smaller to compensate:
(fancyhdr)                \addtolength{\topmargin}{-10.54448pt}.

[18 <./img/LLR_W1.png> <./img/LLR_W2.png> <./img/LLR_W3.png> <./img/LLR_Z2.png> <./img/LLR_Z3.png>]
<./img/QLR1.png, id=344, 633.36626pt x 466.74374pt>
File: ./img/QLR1.png Graphic file (type png)
<use ./img/QLR1.png>
Package pdftex.def Info: ./img/QLR1.png  used on input line 736.
(pdftex.def)             Requested size: 145.11053pt x 106.93573pt.
<./img/QLR2.png, id=345, 638.385pt x 467.7475pt>
File: ./img/QLR2.png Graphic file (type png)
<use ./img/QLR2.png>
Package pdftex.def Info: ./img/QLR2.png  used on input line 741.
(pdftex.def)             Requested size: 145.11053pt x 106.3235pt.
<./img/QLR3.png, id=346, 629.35126pt x 471.7625pt>
File: ./img/QLR3.png Graphic file (type png)
<use ./img/QLR3.png>
Package pdftex.def Info: ./img/QLR3.png  used on input line 746.
(pdftex.def)             Requested size: 145.11053pt x 108.76942pt.


Package fancyhdr Warning: \headheight is too small (12.0pt): 
(fancyhdr)                Make it at least 22.54448pt, for example:
(fancyhdr)                \setlength{\headheight}{22.54448pt}.
(fancyhdr)                You might also make \topmargin smaller to compensate:
(fancyhdr)                \addtolength{\topmargin}{-10.54448pt}.

[19 <./img/QLR1.png> <./img/QLR2.png> <./img/QLR3.png>]

Package fancyhdr Warning: \headheight is too small (12.0pt): 
(fancyhdr)                Make it at least 22.54448pt, for example:
(fancyhdr)                \setlength{\headheight}{22.54448pt}.
(fancyhdr)                You might also make \topmargin smaller to compensate:
(fancyhdr)                \addtolength{\topmargin}{-10.54448pt}.

[20]
<./img/SVM_L1.png, id=371, 404.51125pt x 300.12125pt>
File: ./img/SVM_L1.png Graphic file (type png)
<use ./img/SVM_L1.png>
Package pdftex.def Info: ./img/SVM_L1.png  used on input line 816.
(pdftex.def)             Requested size: 145.11053pt x 107.66347pt.
<./img/SVM_L2.png, id=372, 403.5075pt x 304.13625pt>
File: ./img/SVM_L2.png Graphic file (type png)
<use ./img/SVM_L2.png>
Package pdftex.def Info: ./img/SVM_L2.png  used on input line 821.
(pdftex.def)             Requested size: 145.11053pt x 109.37294pt.
<./img/SVM_L3.png, id=373, 390.96063pt x 292.59312pt>
File: ./img/SVM_L3.png Graphic file (type png)
<use ./img/SVM_L3.png>
Package pdftex.def Info: ./img/SVM_L3.png  used on input line 826.
(pdftex.def)             Requested size: 145.11053pt x 108.60152pt.
<./img/SVM_P1.png, id=374, 581.17125pt x 435.6275pt>
File: ./img/SVM_P1.png Graphic file (type png)
<use ./img/SVM_P1.png>
Package pdftex.def Info: ./img/SVM_P1.png  used on input line 868.
(pdftex.def)             Requested size: 145.11053pt x 108.76701pt.
<./img/SVM_P2.png, id=375, 582.175pt x 434.62375pt>
File: ./img/SVM_P2.png Graphic file (type png)
<use ./img/SVM_P2.png>
Package pdftex.def Info: ./img/SVM_P2.png  used on input line 873.
(pdftex.def)             Requested size: 145.11053pt x 108.3307pt.
<./img/SVM_P3.png, id=376, 583.17876pt x 437.635pt>
File: ./img/SVM_P3.png Graphic file (type png)
<use ./img/SVM_P3.png>
Package pdftex.def Info: ./img/SVM_P3.png  used on input line 878.
(pdftex.def)             Requested size: 145.11053pt x 108.89429pt.


Package fancyhdr Warning: \headheight is too small (12.0pt): 
(fancyhdr)                Make it at least 22.54448pt, for example:
(fancyhdr)                \setlength{\headheight}{22.54448pt}.
(fancyhdr)                You might also make \topmargin smaller to compensate:
(fancyhdr)                \addtolength{\topmargin}{-10.54448pt}.

[21 <./img/SVM_L1.png> <./img/SVM_L2.png> <./img/SVM_L3.png>]
<./img/SVM_RBF1.png, id=389, 559.59062pt x 420.57124pt>
File: ./img/SVM_RBF1.png Graphic file (type png)
<use ./img/SVM_RBF1.png>
Package pdftex.def Info: ./img/SVM_RBF1.png  used on input line 907.
(pdftex.def)             Requested size: 193.47578pt x 145.41168pt.
<./img/SVM_RBF2.png, id=390, 560.0925pt x 418.06187pt>
File: ./img/SVM_RBF2.png Graphic file (type png)
<use ./img/SVM_RBF2.png>
Package pdftex.def Info: ./img/SVM_RBF2.png  used on input line 912.
(pdftex.def)             Requested size: 193.47578pt x 144.41649pt.
<./img/SVM_RBF3.png, id=391, 534.99875pt x 402.50375pt>
File: ./img/SVM_RBF3.png Graphic file (type png)
<use ./img/SVM_RBF3.png>
Package pdftex.def Info: ./img/SVM_RBF3.png  used on input line 923.
(pdftex.def)             Requested size: 169.29315pt x 127.36667pt.

Overfull \hbox (2.22221pt too wide) in paragraph at lines 921--945
[][]  [] 
 []


Package fancyhdr Warning: \headheight is too small (12.0pt): 
(fancyhdr)                Make it at least 22.54448pt, for example:
(fancyhdr)                \setlength{\headheight}{22.54448pt}.
(fancyhdr)                You might also make \topmargin smaller to compensate:
(fancyhdr)                \addtolength{\topmargin}{-10.54448pt}.

[22 <./img/SVM_P1.png> <./img/SVM_P2.png> <./img/SVM_P3.png> <./img/SVM_RBF1.png> <./img/SVM_RBF2.png>]

Package fancyhdr Warning: \headheight is too small (12.0pt): 
(fancyhdr)                Make it at least 22.54448pt, for example:
(fancyhdr)                \setlength{\headheight}{22.54448pt}.
(fancyhdr)                You might also make \topmargin smaller to compensate:
(fancyhdr)                \addtolength{\topmargin}{-10.54448pt}.

[23 <./img/SVM_RBF3.png>]
<./img/GMM_Full.png, id=415, 573.14125pt x 427.5975pt>
File: ./img/GMM_Full.png Graphic file (type png)
<use ./img/GMM_Full.png>
Package pdftex.def Info: ./img/GMM_Full.png  used on input line 999.
(pdftex.def)             Requested size: 145.11053pt x 108.26274pt.
<./img/GMM_diag.png, id=416, 572.1375pt x 428.60126pt>
File: ./img/GMM_diag.png Graphic file (type png)
<use ./img/GMM_diag.png>
Package pdftex.def Info: ./img/GMM_diag.png  used on input line 1003.
(pdftex.def)             Requested size: 145.11053pt x 108.70654pt.


Package fancyhdr Warning: \headheight is too small (12.0pt): 
(fancyhdr)                Make it at least 22.54448pt, for example:
(fancyhdr)                \setlength{\headheight}{22.54448pt}.
(fancyhdr)                You might also make \topmargin smaller to compensate:
(fancyhdr)                \addtolength{\topmargin}{-10.54448pt}.

[24 <./img/GMM_Full.png> <./img/GMM_diag.png>]

Package fancyhdr Warning: \headheight is too small (12.0pt): 
(fancyhdr)                Make it at least 22.54448pt, for example:
(fancyhdr)                \setlength{\headheight}{22.54448pt}.
(fancyhdr)                You might also make \topmargin smaller to compensate:
(fancyhdr)                \addtolength{\topmargin}{-10.54448pt}.

[25]
<./img/BestQLR.png, id=434, 507.8975pt x 380.42125pt>
File: ./img/BestQLR.png Graphic file (type png)
<use ./img/BestQLR.png>
Package pdftex.def Info: ./img/BestQLR.png  used on input line 1056.
(pdftex.def)             Requested size: 145.11053pt x 108.68819pt.
File: ./img/SVM_P2.png Graphic file (type png)
<use ./img/SVM_P2.png>
Package pdftex.def Info: ./img/SVM_P2.png  used on input line 1061.
(pdftex.def)             Requested size: 145.11053pt x 108.3307pt.
<./img/BestGMM.png, id=435, 413.545pt x 307.1475pt>
File: ./img/BestGMM.png Graphic file (type png)
<use ./img/BestGMM.png>
Package pdftex.def Info: ./img/BestGMM.png  used on input line 1066.
(pdftex.def)             Requested size: 145.11053pt x 107.77505pt.


Package fancyhdr Warning: \headheight is too small (12.0pt): 
(fancyhdr)                Make it at least 22.54448pt, for example:
(fancyhdr)                \setlength{\headheight}{22.54448pt}.
(fancyhdr)                You might also make \topmargin smaller to compensate:
(fancyhdr)                \addtolength{\topmargin}{-10.54448pt}.

[26 <./img/BestQLR.png> <./img/BestGMM.png>]
<./img/Cal1.png, id=450, 382.42876pt x 226.8475pt>
File: ./img/Cal1.png Graphic file (type png)
<use ./img/Cal1.png>
Package pdftex.def Info: ./img/Cal1.png  used on input line 1124.
(pdftex.def)             Requested size: 193.47578pt x 114.7665pt.
<./img/Cal2.png, id=451, 370.38374pt x 220.825pt>
File: ./img/Cal2.png Graphic file (type png)
<use ./img/Cal2.png>
Package pdftex.def Info: ./img/Cal2.png  used on input line 1129.
(pdftex.def)             Requested size: 193.47578pt x 115.35193pt.
<./img/Cal3.png, id=452, 388.45125pt x 225.84375pt>
File: ./img/Cal3.png Graphic file (type png)
<use ./img/Cal3.png>
Package pdftex.def Info: ./img/Cal3.png  used on input line 1134.
(pdftex.def)             Requested size: 193.47578pt x 112.48738pt.
<./img/Cal4.png, id=453, 355.3275pt x 214.8025pt>
File: ./img/Cal4.png Graphic file (type png)
<use ./img/Cal4.png>
Package pdftex.def Info: ./img/Cal4.png  used on input line 1139.
(pdftex.def)             Requested size: 193.47578pt x 116.96179pt.


Package fancyhdr Warning: \headheight is too small (12.0pt): 
(fancyhdr)                Make it at least 22.54448pt, for example:
(fancyhdr)                \setlength{\headheight}{22.54448pt}.
(fancyhdr)                You might also make \topmargin smaller to compensate:
(fancyhdr)                \addtolength{\topmargin}{-10.54448pt}.

[27 <./img/Cal1.png> <./img/Cal2.png> <./img/Cal3.png> <./img/Cal4.png>]
<./img/EVAL1.png, id=465, 314.17375pt x 180.675pt>
File: ./img/EVAL1.png Graphic file (type png)
<use ./img/EVAL1.png>
Package pdftex.def Info: ./img/EVAL1.png  used on input line 1157.
(pdftex.def)             Requested size: 193.47578pt x 111.26195pt.
<./img/EVAL2.png, id=466, 311.1625pt x 174.6525pt>
File: ./img/EVAL2.png Graphic file (type png)
<use ./img/EVAL2.png>
Package pdftex.def Info: ./img/EVAL2.png  used on input line 1162.
(pdftex.def)             Requested size: 193.47578pt x 108.59789pt.
<./img/EVAL3.png, id=467, 315.1775pt x 186.6975pt>
File: ./img/EVAL3.png Graphic file (type png)
<use ./img/EVAL3.png>
Package pdftex.def Info: ./img/EVAL3.png  used on input line 1167.
(pdftex.def)             Requested size: 193.47578pt x 114.60603pt.
<./img/EVAL4.png, id=468, 299.1175pt x 193.72375pt>
File: ./img/EVAL4.png Graphic file (type png)
<use ./img/EVAL4.png>
Package pdftex.def Info: ./img/EVAL4.png  used on input line 1172.
(pdftex.def)             Requested size: 193.47578pt x 125.30704pt.


Package fancyhdr Warning: \headheight is too small (12.0pt): 
(fancyhdr)                Make it at least 22.54448pt, for example:
(fancyhdr)                \setlength{\headheight}{22.54448pt}.
(fancyhdr)                You might also make \topmargin smaller to compensate:
(fancyhdr)                \addtolength{\topmargin}{-10.54448pt}.

[28 <./img/EVAL1.png> <./img/EVAL2.png> <./img/EVAL3.png> <./img/EVAL4.png>] (./main.aux)
 ***********
LaTeX2e <2023-11-01> patch level 1
L3 programming layer <2024-02-20>
 ***********


LaTeX Warning: There were multiply-defined labels.

Package rerunfilecheck Info: File `main.out' has not changed.
(rerunfilecheck)             Checksum: 51AAC4581F95CAA1AFD8D5AF7F53C774;4735.
 ) 
Here is how much of TeX's memory you used:
 22866 strings out of 474116
 425339 string characters out of 5743682
 1955187 words of memory out of 5000000
 44700 multiletter control sequences out of 15000+600000
 567494 words of font info for 72 fonts, out of 8000000 for 9000
 1141 hyphenation exceptions out of 8191
 83i,15n,87p,814b,532s stack positions out of 10000i,1000n,20000p,200000b,200000s
</usr/local/texlive/2024/texmf-dist/fonts/type1/public/amsfonts/cm/cmbx10.pfb></usr/local/texlive/2024/texmf-dist/fonts/type1/public/amsfonts/cm/cmbx12.pfb></usr/local/texlive/2024/texmf-dist/fonts/type1/public/amsfonts/cm/cmbx7.pfb></usr/local/texlive/2024/texmf-dist/fonts/type1/public/amsfonts/cm/cmex10.pfb></usr/local/texlive/2024/texmf-dist/fonts/type1/public/amsfonts/cm/cmmi10.pfb></usr/local/texlive/2024/texmf-dist/fonts/type1/public/amsfonts/cm/cmmi5.pfb></usr/local/texlive/2024/texmf-dist/fonts/type1/public/amsfonts/cm/cmmi7.pfb></usr/local/texlive/2024/texmf-dist/fonts/type1/public/amsfonts/cm/cmr10.pfb></usr/local/texlive/2024/texmf-dist/fonts/type1/public/amsfonts/cm/cmr12.pfb></usr/local/texlive/2024/texmf-dist/fonts/type1/public/amsfonts/cm/cmr5.pfb></usr/local/texlive/2024/texmf-dist/fonts/type1/public/amsfonts/cm/cmr7.pfb></usr/local/texlive/2024/texmf-dist/fonts/type1/public/amsfonts/cm/cmsy10.pfb></usr/local/texlive/2024/texmf-dist/fonts/type1/public/amsfonts/cm/cmsy5.pfb></usr/local/texlive/2024/texmf-dist/fonts/type1/public/amsfonts/cm/cmsy7.pfb></usr/local/texlive/2024/texmf-dist/fonts/type1/public/amsfonts/symbols/msbm10.pfb></usr/local/texlive/2024/texmf-dist/fonts/type1/public/cm-super/sfrm1000.pfb>
Output written on main.pdf (28 pages, 5277106 bytes).
PDF statistics:
 578 PDF objects out of 1000 (max. 8388607)
 420 compressed objects within 5 object streams
 138 named destinations out of 1000 (max. 500000)
 475 words of extra memory for PDF output out of 10000 (max. 10000000)

