\BOOKMARK [1][-]{section.1}{\376\377\000D\000a\000t\000a\000s\000e\000t\000\040\000A\000n\000a\000l\000y\000s\000i\000s}{}% 1
\BOOKMARK [2][-]{subsection.1.1}{\376\377\000T\000r\000a\000i\000n\000i\000n\000g\000\040\000a\000n\000d\000\040\000e\000v\000a\000l\000u\000a\000t\000i\000o\000n\000\040\000s\000e\000t\000s}{section.1}% 2
\BOOKMARK [2][-]{subsection.1.2}{\376\377\000F\000e\000a\000t\000u\000r\000e\000s\000\040\000a\000n\000a\000l\000y\000s\000i\000s}{section.1}% 3
\BOOKMARK [2][-]{subsection.1.3}{\376\377\000F\000e\000a\000t\000u\000r\000e\000s\000\040\000c\000o\000r\000r\000e\000l\000a\000t\000i\000o\000n}{section.1}% 4
\BOOKMARK [1][-]{section.2}{\376\377\000D\000i\000m\000e\000n\000s\000i\000o\000n\000a\000l\000i\000t\000y\000\040\000r\000e\000d\000u\000c\000t\000i\000o\000n}{}% 5
\BOOKMARK [2][-]{subsection.2.1}{\376\377\000P\000C\000A}{section.2}% 6
\BOOKMARK [2][-]{subsection.2.2}{\376\377\000L\000D\000A}{section.2}% 7
\BOOKMARK [2][-]{subsection.2.3}{\376\377\000C\000l\000a\000s\000s\000i\000f\000i\000c\000a\000t\000i\000o\000n}{section.2}% 8
\BOOKMARK [1][-]{section.3}{\376\377\000M\000u\000l\000t\000i\000v\000a\000r\000i\000a\000t\000e\000\040\000G\000a\000u\000s\000s\000i\000a\000n\000\040\000D\000e\000n\000s\000i\000t\000y}{}% 9
\BOOKMARK [1][-]{section.4}{\376\377\000M\000o\000d\000e\000l\000\040\000e\000v\000a\000l\000u\000a\000t\000i\000o\000n\000\040\000f\000o\000r\000\040\000c\000l\000a\000s\000s\000i\000f\000i\000c\000a\000t\000i\000o\000n}{}% 10
\BOOKMARK [1][-]{section.5}{\376\377\000C\000l\000a\000s\000s\000i\000f\000i\000c\000a\000t\000i\000o\000n\000\040\000m\000o\000d\000e\000l\000\040\000a\000n\000a\000l\000y\000s\000i\000s}{}% 11
\BOOKMARK [2][-]{subsection.5.1}{\376\377\000G\000a\000u\000s\000s\000i\000a\000n\000\040\000M\000o\000d\000e\000l\000s}{section.5}% 12
\BOOKMARK [3][-]{subsubsection.5.1.1}{\376\377\000M\000V\000G\000\040\000G\000a\000u\000s\000s\000i\000a\000n\000\040\000C\000l\000a\000s\000s\000i\000f\000i\000e\000r}{subsection.5.1}% 13
\BOOKMARK [3][-]{subsubsection.5.1.2}{\376\377\000N\000a\000i\000v\000e\000\040\000B\000a\000y\000e\000s\000\040\000C\000l\000a\000s\000s\000i\000f\000i\000e\000r}{subsection.5.1}% 14
\BOOKMARK [3][-]{subsubsection.5.1.3}{\376\377\000T\000i\000e\000d\000\040\000B\000a\000y\000e\000s\000\040\000C\000l\000a\000s\000s\000i\000f\000i\000e\000r}{subsection.5.1}% 15
\BOOKMARK [3][-]{subsubsection.5.1.4}{\376\377\000G\000a\000u\000s\000s\000i\000a\000n\000\040\000M\000o\000d\000e\000l\000s\000\040\000C\000o\000m\000p\000a\000r\000i\000s\000o\000n}{subsection.5.1}% 16
\BOOKMARK [2][-]{subsection.5.2}{\376\377\000L\000o\000g\000i\000s\000t\000i\000c\000\040\000R\000e\000g\000r\000e\000s\000s\000i\000o\000n\000\040\000C\000l\000a\000s\000s\000i\000f\000i\000e\000r}{section.5}% 17
\BOOKMARK [3][-]{subsubsection.5.2.1}{\376\377\000B\000i\000n\000a\000r\000y\000\040\000L\000o\000g\000i\000s\000t\000i\000c\000\040\000R\000e\000g\000r\000e\000s\000s\000i\000o\000n}{subsection.5.2}% 18
\BOOKMARK [3][-]{subsubsection.5.2.2}{\376\377\000Q\000u\000a\000d\000r\000a\000t\000i\000c\000\040\000L\000o\000g\000i\000s\000t\000i\000c\000\040\000R\000e\000g\000r\000e\000s\000s\000i\000o\000n}{subsection.5.2}% 19
\BOOKMARK [2][-]{subsection.5.3}{\376\377\000S\000V\000M\000\040\000C\000l\000a\000s\000s\000i\000f\000i\000e\000r}{section.5}% 20
\BOOKMARK [3][-]{subsubsection.5.3.1}{\376\377\000L\000i\000n\000e\000a\000r\000\040\000S\000V\000M}{subsection.5.3}% 21
\BOOKMARK [3][-]{subsubsection.5.3.2}{\376\377\000K\000e\000r\000n\000e\000l\000\040\000S\000V\000M}{subsection.5.3}% 22
\BOOKMARK [2][-]{subsection.5.4}{\376\377\000G\000M\000M\000\040\000C\000l\000a\000s\000s\000i\000f\000i\000e\000r}{section.5}% 23
\BOOKMARK [1][-]{section.6}{\376\377\000S\000c\000o\000r\000e\000\040\000C\000a\000l\000i\000b\000r\000a\000t\000i\000o\000n}{}% 24
\BOOKMARK [2][-]{subsection.6.1}{\376\377\000C\000a\000l\000i\000b\000r\000a\000t\000i\000o\000n\000\040\000A\000n\000a\000l\000y\000s\000i\000s\000\040\000o\000n\000\040\000S\000e\000l\000e\000c\000t\000e\000d\000\040\000M\000o\000d\000e\000l\000s}{section.6}% 25
\BOOKMARK [2][-]{subsection.6.2}{\376\377\000C\000a\000l\000i\000b\000r\000a\000t\000i\000n\000g\000\040\000S\000c\000o\000r\000e\000s\000\040\000f\000o\000r\000\040\000S\000e\000l\000e\000c\000t\000e\000d\000\040\000M\000o\000d\000e\000l\000s}{section.6}% 26
\BOOKMARK [1][-]{section.7}{\376\377\000E\000x\000p\000e\000r\000i\000m\000e\000n\000t\000a\000l\000\040\000R\000e\000s\000u\000l\000t\000s}{}% 27
\BOOKMARK [2][-]{subsection.7.1}{\376\377\000C\000a\000l\000i\000b\000r\000a\000t\000i\000o\000n\000\040\000o\000n\000\040\000e\000v\000a\000l\000u\000a\000t\000i\000o\000n\000\040\000s\000c\000o\000r\000e}{section.7}% 28
\BOOKMARK [2][-]{subsection.7.2}{\376\377\000C\000o\000n\000s\000i\000d\000e\000r\000a\000t\000i\000o\000n\000s}{section.7}% 29
\BOOKMARK [1][-]{section.8}{\376\377\000C\000o\000n\000c\000l\000u\000s\000i\000o\000n\000s}{}% 30
